# JRE version: OpenJDK Runtime Environment Corretto-17.0.12.7.1 (17.0.12+7) (build 17.0.12+7-LTS)
# Java VM: OpenJDK 64-Bit Server VM Corretto-17.0.12.7.1 (17.0.12+7-LTS, mixed mode, sharing, tiered, compressed oops, compressed class ptrs, g1 gc, windows-amd64)
GC Precious Log:
 CPUs: 4 total, 4 available
 Memory: 16270M
 Large Page Support: Disabled
 NUMA Support: Disabled
 Compressed Oops: Enabled (32-bit)
 Heap Region Size: 1M
 Heap Min Capacity: 256M
 Heap Initial Capacity: 256M
 Heap Max Capacity: 512M
 Pre-touch: Disabled
 Parallel Workers: 4
 Concurrent Workers: 1
 Concurrent Refinement Workers: 4
 Periodic GC: Disabled
Heap:
 garbage-first heap   total 262144K, used 165851K [0x00000000e0000000, 0x0000000100000000)
  region size 1024K, 131 young (134144K), 20 survivors (20480K)
 Metaspace       used 58151K, committed 58816K, reserved 393216K
  class space    used 8218K, committed 8512K, reserved 327680K
GC Heap History (14 events):
Event: 0.348 GC heap before
{Heap before GC invocations=0 (full 0):
 garbage-first heap   total 262144K, used 13312K [0x00000000e0000000, 0x0000000100000000)
  region size 1024K, 13 young (13312K), 0 survivors (0K)
 Metaspace       used 804K, committed 896K, reserved 393216K
  class space    used 66K, committed 128K, reserved 327680K
}
Event: 0.352 GC heap after
{Heap after GC invocations=1 (full 0):
 garbage-first heap   total 262144K, used 1408K [0x00000000e0000000, 0x0000000100000000)
  region size 1024K, 2 young (2048K), 2 survivors (2048K)
 Metaspace       used 804K, committed 896K, reserved 393216K
  class space    used 66K, committed 128K, reserved 327680K
}
Event: 0.783 GC heap before
{Heap before GC invocations=1 (full 0):
 garbage-first heap   total 262144K, used 22912K [0x00000000e0000000, 0x0000000100000000)
  region size 1024K, 20 young (20480K), 2 survivors (2048K)
 Metaspace       used 2988K, committed 3136K, reserved 393216K
  class space    used 352K, committed 448K, reserved 327680K
}
Event: 0.786 GC heap after
{Heap after GC invocations=2 (full 0):
 garbage-first heap   total 262144K, used 10797K [0x00000000e0000000, 0x0000000100000000)
  region size 1024K, 3 young (3072K), 3 survivors (3072K)
 Metaspace       used 2988K, committed 3136K, reserved 393216K
  class space    used 352K, committed 448K, reserved 327680K
}
Event: 3.495 GC heap before
{Heap before GC invocations=2 (full 0):
 garbage-first heap   total 262144K, used 166445K [0x00000000e0000000, 0x0000000100000000)
  region size 1024K, 153 young (156672K), 3 survivors (3072K)
 Metaspace       used 19246K, committed 19584K, reserved 393216K
  class space    used 2790K, committed 2944K, reserved 327680K
}
Event: 3.503 GC heap after
{Heap after GC invocations=3 (full 0):
 garbage-first heap   total 262144K, used 23078K [0x00000000e0000000, 0x0000000100000000)
  region size 1024K, 14 young (14336K), 14 survivors (14336K)
 Metaspace       used 19246K, committed 19584K, reserved 393216K
  class space    used 2790K, committed 2944K, reserved 327680K
}
Event: 3.917 GC heap before
{Heap before GC invocations=3 (full 0):
 garbage-first heap   total 262144K, used 39462K [0x00000000e0000000, 0x0000000100000000)
  region size 1024K, 31 young (31744K), 14 survivors (14336K)
 Metaspace       used 21147K, committed 21504K, reserved 393216K
  class space    used 3084K, committed 3264K, reserved 327680K
}
Event: 3.930 GC heap after
{Heap after GC invocations=4 (full 0):
 garbage-first heap   total 262144K, used 25313K [0x00000000e0000000, 0x0000000100000000)
  region size 1024K, 2 young (2048K), 2 survivors (2048K)
 Metaspace       used 21147K, committed 21504K, reserved 393216K
  class space    used 3084K, committed 3264K, reserved 327680K
}
Event: 5.731 GC heap before
{Heap before GC invocations=5 (full 0):
 garbage-first heap   total 262144K, used 146145K [0x00000000e0000000, 0x0000000100000000)
  region size 1024K, 117 young (119808K), 2 survivors (2048K)
 Metaspace       used 35533K, committed 35968K, reserved 393216K
  class space    used 4939K, committed 5120K, reserved 327680K
}
Event: 5.738 GC heap after
{Heap after GC invocations=6 (full 0):
 garbage-first heap   total 262144K, used 33094K [0x00000000e0000000, 0x0000000100000000)
  region size 1024K, 10 young (10240K), 10 survivors (10240K)
 Metaspace       used 35533K, committed 35968K, reserved 393216K
  class space    used 4939K, committed 5120K, reserved 327680K
}
Event: 8.452 GC heap before
{Heap before GC invocations=7 (full 0):
 garbage-first heap   total 262144K, used 181574K [0x00000000e0000000, 0x0000000100000000)
  region size 1024K, 153 young (156672K), 10 survivors (10240K)
 Metaspace       used 49666K, committed 50240K, reserved 393216K
  class space    used 7065K, committed 7360K, reserved 327680K
}
Event: 8.465 GC heap after
{Heap after GC invocations=8 (full 0):
 garbage-first heap   total 262144K, used 40673K [0x00000000e0000000, 0x0000000100000000)
  region size 1024K, 17 young (17408K), 17 survivors (17408K)
 Metaspace       used 49666K, committed 50240K, reserved 393216K
  class space    used 7065K, committed 7360K, reserved 327680K
}
Event: 11.629 GC heap before
{Heap before GC invocations=8 (full 0):
 garbage-first heap   total 262144K, used 179937K [0x00000000e0000000, 0x0000000100000000)
  region size 1024K, 153 young (156672K), 17 survivors (17408K)
 Metaspace       used 54857K, committed 55488K, reserved 393216K
  class space    used 7776K, committed 8064K, reserved 327680K
}
Event: 11.647 GC heap after
{Heap after GC invocations=9 (full 0):
 garbage-first heap   total 262144K, used 53211K [0x00000000e0000000, 0x0000000100000000)
  region size 1024K, 20 young (20480K), 20 survivors (20480K)
 Metaspace       used 54857K, committed 55488K, reserved 393216K
  class space    used 7776K, committed 8064K, reserved 327680K
}

